-------------------------------------------------------------------------------
Test set: LoginTest
-------------------------------------------------------------------------------
Tests run: 1, Failures: 1, Errors: 0, Skipped: 0, Time elapsed: 0.879 s <<< FAILURE! - in LoginTest
openGoogle(LoginTest)  Time elapsed: 0.523 s  <<< FAILURE!
org.testng.TestNGException: 

Parameter 'os' is required by @Test on method openGoogle but has not been marked @Optional or defined


